  Game.cpp
c:\users\erich\documents\visual studio 2013\projects\thenomadconqueror\thenomadconqueror\game.cpp(368): warning C4018: '<' : signed/unsigned mismatch
c:\users\erich\documents\visual studio 2013\projects\thenomadconqueror\thenomadconqueror\game.cpp(375): warning C4018: '<' : signed/unsigned mismatch
c:\users\erich\documents\visual studio 2013\projects\thenomadconqueror\thenomadconqueror\game.cpp(380): warning C4018: '<' : signed/unsigned mismatch
c:\users\erich\documents\visual studio 2013\projects\thenomadconqueror\thenomadconqueror\game.cpp(386): warning C4018: '<' : signed/unsigned mismatch
c:\users\erich\documents\visual studio 2013\projects\thenomadconqueror\thenomadconqueror\game.cpp(421): warning C4018: '<' : signed/unsigned mismatch
c:\users\erich\documents\visual studio 2013\projects\thenomadconqueror\thenomadconqueror\game.cpp(460): warning C4018: '<' : signed/unsigned mismatch
c:\users\erich\documents\visual studio 2013\projects\thenomadconqueror\thenomadconqueror\game.cpp(500): warning C4018: '<' : signed/unsigned mismatch
c:\users\erich\documents\visual studio 2013\projects\thenomadconqueror\thenomadconqueror\game.cpp(595): warning C4305: 'argument' : truncation from 'double' to 'GLclampf'
c:\users\erich\documents\visual studio 2013\projects\thenomadconqueror\thenomadconqueror\game.cpp(739): warning C4018: '<' : signed/unsigned mismatch
c:\users\erich\documents\visual studio 2013\projects\thenomadconqueror\thenomadconqueror\game.cpp(743): warning C4018: '<' : signed/unsigned mismatch
c:\users\erich\documents\visual studio 2013\projects\thenomadconqueror\thenomadconqueror\game.cpp(747): warning C4018: '<' : signed/unsigned mismatch
c:\users\erich\documents\visual studio 2013\projects\thenomadconqueror\thenomadconqueror\game.cpp(751): warning C4018: '<' : signed/unsigned mismatch
c:\users\erich\documents\visual studio 2013\projects\thenomadconqueror\thenomadconqueror\game.cpp(755): warning C4018: '<' : signed/unsigned mismatch
c:\users\erich\documents\visual studio 2013\projects\thenomadconqueror\thenomadconqueror\game.cpp(775): warning C4018: '<' : signed/unsigned mismatch
c:\users\erich\documents\visual studio 2013\projects\thenomadconqueror\thenomadconqueror\game.cpp(778): warning C4018: '<' : signed/unsigned mismatch
c:\users\erich\documents\visual studio 2013\projects\thenomadconqueror\thenomadconqueror\game.cpp(799): warning C4018: '<' : signed/unsigned mismatch
c:\users\erich\documents\visual studio 2013\projects\thenomadconqueror\thenomadconqueror\game.cpp(802): warning C4018: '<' : signed/unsigned mismatch
c:\users\erich\documents\visual studio 2013\projects\thenomadconqueror\thenomadconqueror\game.cpp(857): warning C4018: '<' : signed/unsigned mismatch
c:\users\erich\documents\visual studio 2013\projects\thenomadconqueror\thenomadconqueror\game.cpp(860): warning C4018: '<' : signed/unsigned mismatch
c:\users\erich\documents\visual studio 2013\projects\thenomadconqueror\thenomadconqueror\game.cpp(936): warning C4018: '<' : signed/unsigned mismatch
c:\users\erich\documents\visual studio 2013\projects\thenomadconqueror\thenomadconqueror\game.cpp(942): warning C4018: '<' : signed/unsigned mismatch
c:\users\erich\documents\visual studio 2013\projects\thenomadconqueror\thenomadconqueror\game.cpp(950): warning C4018: '<' : signed/unsigned mismatch
c:\users\erich\documents\visual studio 2013\projects\thenomadconqueror\thenomadconqueror\game.cpp(951): warning C4018: '<' : signed/unsigned mismatch
c:\users\erich\documents\visual studio 2013\projects\thenomadconqueror\thenomadconqueror\game.cpp(962): warning C4018: '<' : signed/unsigned mismatch
c:\users\erich\documents\visual studio 2013\projects\thenomadconqueror\thenomadconqueror\game.cpp(969): warning C4018: '<' : signed/unsigned mismatch
c:\users\erich\documents\visual studio 2013\projects\thenomadconqueror\thenomadconqueror\game.cpp(997): warning C4018: '<' : signed/unsigned mismatch
c:\users\erich\documents\visual studio 2013\projects\thenomadconqueror\thenomadconqueror\game.cpp(1001): warning C4018: '<' : signed/unsigned mismatch
c:\users\erich\documents\visual studio 2013\projects\thenomadconqueror\thenomadconqueror\game.cpp(1056): warning C4305: 'argument' : truncation from 'double' to 'float'
c:\users\erich\documents\visual studio 2013\projects\thenomadconqueror\thenomadconqueror\game.cpp(1096): warning C4018: '<' : signed/unsigned mismatch
c:\users\erich\documents\visual studio 2013\projects\thenomadconqueror\thenomadconqueror\game.cpp(207): warning C4715: 'Game::readHeader' : not all control paths return a value
MSVCRTD.lib(cinitexe.obj) : warning LNK4098: defaultlib 'msvcrt.lib' conflicts with use of other libs; use /NODEFAULTLIB:library
  TheNomadConqueror.vcxproj -> C:\Users\Erich\documents\visual studio 2013\Projects\TheNomadConqueror\Debug\TheNomadConqueror.exe
