c:\users\erich\documents\visual studio 2013\projects\thenomadconqueror\thenomadconqueror\debug\vc120.pdb
c:\users\erich\documents\visual studio 2013\projects\thenomadconqueror\thenomadconqueror\debug\vc120.idb
c:\users\erich\documents\visual studio 2013\projects\thenomadconqueror\thenomadconqueror\debug\entity.nativecodeanalysis.xml
c:\users\erich\documents\visual studio 2013\projects\thenomadconqueror\thenomadconqueror\debug\game.nativecodeanalysis.xml
c:\users\erich\documents\visual studio 2013\projects\thenomadconqueror\thenomadconqueror\debug\main.nativecodeanalysis.xml
c:\users\erich\documents\visual studio 2013\projects\thenomadconqueror\thenomadconqueror\debug\matrix.nativecodeanalysis.xml
c:\users\erich\documents\visual studio 2013\projects\thenomadconqueror\thenomadconqueror\debug\shaderprogram.nativecodeanalysis.xml
c:\users\erich\documents\visual studio 2013\projects\thenomadconqueror\thenomadconqueror\debug\sheetsprite.nativecodeanalysis.xml
c:\users\erich\documents\visual studio 2013\projects\thenomadconqueror\thenomadconqueror\debug\sheetsprite.obj
c:\users\erich\documents\visual studio 2013\projects\thenomadconqueror\thenomadconqueror\debug\shaderprogram.obj
c:\users\erich\documents\visual studio 2013\projects\thenomadconqueror\thenomadconqueror\debug\matrix.obj
c:\users\erich\documents\visual studio 2013\projects\thenomadconqueror\thenomadconqueror\debug\main.obj
c:\users\erich\documents\visual studio 2013\projects\thenomadconqueror\thenomadconqueror\debug\game.obj
c:\users\erich\documents\visual studio 2013\projects\thenomadconqueror\thenomadconqueror\debug\entity.obj
c:\users\erich\documents\visual studio 2013\projects\thenomadconqueror\debug\thenomadconqueror.ilk
c:\users\erich\documents\visual studio 2013\projects\thenomadconqueror\debug\thenomadconqueror.exe
c:\users\erich\documents\visual studio 2013\projects\thenomadconqueror\debug\thenomadconqueror.pdb
c:\users\erich\documents\visual studio 2013\projects\thenomadconqueror\thenomadconqueror\debug\thenomad.105eb28f.tlog\cl.command.1.tlog
c:\users\erich\documents\visual studio 2013\projects\thenomadconqueror\thenomadconqueror\debug\thenomad.105eb28f.tlog\cl.read.1.tlog
c:\users\erich\documents\visual studio 2013\projects\thenomadconqueror\thenomadconqueror\debug\thenomad.105eb28f.tlog\cl.write.1.tlog
c:\users\erich\documents\visual studio 2013\projects\thenomadconqueror\thenomadconqueror\debug\thenomad.105eb28f.tlog\link.command.1.tlog
c:\users\erich\documents\visual studio 2013\projects\thenomadconqueror\thenomadconqueror\debug\thenomad.105eb28f.tlog\link.read.1.tlog
c:\users\erich\documents\visual studio 2013\projects\thenomadconqueror\thenomadconqueror\debug\thenomad.105eb28f.tlog\link.write.1.tlog
