Build started 11/2/2015 7:44:44 PM.
     1>Project "C:\Users\Erich\Documents\GameProgramming\HW\CS3113\Platformer Game\Platformer Game\Platformer Game.vcxproj" on node 2 (Build target(s)).
     1>ClCompile:
         C:\Program Files (x86)\Microsoft Visual Studio 12.0\VC\bin\CL.exe /c /IC:\SDL2\include /IC:\SDL2_image\include /IC:\glew\include /IC:\SDL2_mixer\include /ZI /nologo /W3 /WX- /sdl /Od /Oy- /D _WINDOWS /D _MBCS /D _MBCS /Gm /EHsc /RTC1 /MDd /GS /fp:precise /Zc:wchar_t /Zc:forScope /Fo"Debug\\" /Fd"Debug\vc120.pdb" /Gd /TP /analyze- /errorReport:prompt Entity.cpp Game.cpp
         Game.cpp
     1>c:\users\erich\documents\gameprogramming\hw\cs3113\platformer game\platformer game\game.cpp(169): warning C4244: 'argument' : conversion from 'double' to 'float', possible loss of data
     1>c:\users\erich\documents\gameprogramming\hw\cs3113\platformer game\platformer game\game.cpp(291): warning C4018: '<' : signed/unsigned mismatch
         Entity.cpp
         Generating Code...
       Link:
         C:\Program Files (x86)\Microsoft Visual Studio 12.0\VC\bin\link.exe /ERRORREPORT:PROMPT /OUT:"C:\Users\Erich\Documents\GameProgramming\HW\CS3113\Platformer Game\Debug\Platformer Game.exe" /INCREMENTAL /NOLOGO /LIBPATH:C:\SDL2_mixer\lib\x86 /LIBPATH:C:\SDL2\lib\x86 /LIBPATH:C:\SDL2_image\lib\x86 /LIBPATH:C:\glew\lib\Release\Win32 SDL2.lib SDL2_mixer.lib glew32.lib SDL2main.lib SDL2_image.lib OpenGL32.lib /MANIFEST /MANIFESTUAC:"level='asInvoker' uiAccess='false'" /manifest:embed /DEBUG /PDB:"C:\Users\Erich\Documents\GameProgramming\HW\CS3113\Platformer Game\Debug\Platformer Game.pdb" /SUBSYSTEM:WINDOWS /TLBID:1 /DYNAMICBASE /NXCOMPAT /IMPLIB:"C:\Users\Erich\Documents\GameProgramming\HW\CS3113\Platformer Game\Debug\Platformer Game.lib" /MACHINE:X86 Debug\Entity.obj
         Debug\Game.obj
         Debug\main.obj
         Debug\Matrix.obj
         Debug\ShaderProgram.obj
         Debug\SheetSprite.obj
         Platformer Game.vcxproj -> C:\Users\Erich\Documents\GameProgramming\HW\CS3113\Platformer Game\Debug\Platformer Game.exe
     1>Done Building Project "C:\Users\Erich\Documents\GameProgramming\HW\CS3113\Platformer Game\Platformer Game\Platformer Game.vcxproj" (Build target(s)).

Build succeeded.

Time Elapsed 00:00:02.14
